<?xml version="1.0" encoding="UTF-8"?>
<web-app xmlns:xsi="http://www.w3.org/2001/XMLSchema-instance"
         version="4.0"
         xmlns="http://xmlns.jcp.org/xml/ns/javaee"
         xsi:schemaLocation="http://xmlns.jcp.org/xml/ns/javaee http://xmlns.jcp.org/xml/ns/javaee/web-app_4_0.xsd">
    <env-entry>
        <env-entry-name>java:app/configuration/GraphTraversalUrl</env-entry-name>
        <env-entry-type>java.lang.String</env-entry-type>
        <env-entry-value>http://localhost:8080/cargo-tracker-test/rest/graph-traversal/shortest-path</env-entry-value>
    </env-entry>
    <context-param>
        <param-name>resteasy.preferJacksonOverJsonB</param-name>
        <param-value>false</param-value>
    </context-param>
</web-app>
